<?xml version="1.0" encoding="UTF-8"?>
<testsuite name="Google translate" tests="1" skipped="0" failures="0" errors="0" timestamp="2018-11-20T00:10:45" hostname="RC-PC" time="18.075">
  <properties/>
  <testcase name="Translate from english to spanish" classname="Google translate" time="18.075"/>
  <system-out><![CDATA[    ?[32mGiven ?[0m?[32mthat zoe want to translate a word?[0m            ?[90m# GoogleTranslateStepDefinitions.thatZoeWantToTranslateAWord()?[0m
    ?[32mWhen ?[0m?[32mshe translate the word amazing to spanish?[0m     ?[90m# GoogleTranslateStepDefinitions.sheTranslateTheWordAmazingToSpanish()?[0m
    ?[32mThen ?[0m?[32mshe should see the word amazing in the screen?[0m ?[90m# GoogleTranslateStepDefinitions.sheShouldSeeTheWordAmazingInTheScreen()?[0m
]]></system-out>
  <system-err><![CDATA[nov 19, 2018 7:10:46 PM org.openqa.selenium.remote.DesiredCapabilities chrome
INFORMACIÓN: Using `new ChromeOptions()` is preferred to `DesiredCapabilities.chrome()`
Starting ChromeDriver 2.43.600210 (68dcf5eebde37173d4027fa8635e332711d2874a) on port 8258
Only local connections are allowed.
nov 19, 2018 7:10:48 PM org.openqa.selenium.remote.ProtocolHandshake createSession
INFORMACIÓN: Detected dialect: OSS
[Test worker] INFO net.thucydides.core.steps.ConsoleLoggingListener - 
        __    _____ _____ ____ _____   ____   _    ____  ____  _____ ____  
  _     \ \  |_   _| ____/ ___|_   _| |  _ \ / \  / ___|/ ___|| ____|  _ \ 
 (_)_____| |   | | |  _| \___ \ | |   | |_) / _ \ \___ \\___ \|  _| | | | |
  _|_____| |   | | | |___ ___) || |   |  __/ ___ \ ___) |___) | |___| |_| |
 (_)     | |   |_| |_____|____/ |_|   |_| /_/   \_\____/|____/|_____|____/ 
        /_/                                                                

TEST PASSED: Translate from english to spanish
----------------------------------------------------------------------------
]]></system-err>
</testsuite>
